Arguments: 
  D:\Software\nodejs\node.exe D:\Software\yarn\bin\yarn.js build

PATH: 
  D:\Software\cmder\vendor\git-for-windows\mingw64\bin;D:\Software\cmder\vendor\git-for-windows\usr\bin;C:\Users\Dylan\bin;C:\Python39\Scripts;C:\Python39;C:\windows\system32;C:\windows;C:\windows\System32\Wbem;C:\windows\System32\WindowsPowerShell\v1.0;C:\windows\System32\OpenSSH;C:\Program Files (x86)\NVIDIA Corporation\PhysX\Common;C:\Program Files\Intel\WiFi\bin;C:\Program Files\Common Files\Intel\WirelessCommon;C:\Program Files (x86)\Intel\Intel(R) Management Engine Components\DAL;C:\Program Files\Intel\Intel(R) Management Engine Components\DAL;C:\WINDOWS\system32;C:\WINDOWS;C:\WINDOWS\System32\Wbem;C:\WINDOWS\System32\WindowsPowerShell\v1.0;C:\WINDOWS\System32\OpenSSH;C:\Program Files\PuTTY;D:\Software\nodejs;C:\ProgramData\chocolatey\bin;D:\Software\yarn\bin;C:\Users\Dylan\Desktop;C:\Users\Dylan\AppData\Local\Microsoft\WindowsApps;C:\Users\Dylan\AppData\Local\Programs\Fiddler;C:\Users\Dylan\AppData\Local\Microsoft\WindowsApps;C:\Users\Dylan\AppData\Local\Programs\Microsoft VS Code\bin;C:\Users\Dylan\AppData\Roaming\npm;C:\Users\Dylan\AppData\Local\Yarn\bin

Yarn version: 
  1.22.5

Node version: 
  14.17.1

Platform: 
  win32 x64

Trace: 
  SyntaxError: C:\Users\Dylan\Desktop\nav\package.json: Unexpected token / in JSON at position 122
      at JSON.parse (<anonymous>)
      at D:\Software\yarn\lib\cli.js:1625:59
      at Generator.next (<anonymous>)
      at step (D:\Software\yarn\lib\cli.js:310:30)
      at D:\Software\yarn\lib\cli.js:321:13

npm manifest: 
  {
    "scripts": {
      "build": "parcel build src/index.html --public-url ./"
    },
    "name": "nav",
    "version": "1.0.0",
    //"main": "index.js",
    "repository": "git@github.com:didiyou/NAV-1.git",
    "author": "Dylan <1422554376@qq.com>",
    "license": "MIT",
    "devDependencies": {
      "cssnano": "^5.0.8",
      "postcss": "^8.3.6"
    }
  }

yarn manifest: 
  No manifest

Lockfile: 
  No lockfile
